<?xml version="1.0" encoding="UTF-8"?>
<!-- Generated by org.testng.reporters.JUnitReportReporter -->
<testsuite hostname="RGGYSLT-119" failures="0" tests="1" name="tkptest.tests.InValidLogin" time="10.747" errors="0" timestamp="2024-05-08T10:58:36 IST" skipped="0">
  <testcase classname="tkptest.tests.InValidLogin" name="assertSuccesLogin" time="10.747"/>
</testsuite> <!-- tkptest.tests.InValidLogin -->
